<?xml version="1.0" encoding="UTF-8"?>
<!-- Generated by org.testng.reporters.JUnitReportReporter -->
<testsuite hostname="Mayas-MacBook-Air.local" failures="0" tests="1" name="alluretestcase.Test_001" time="5.513" errors="0" timestamp="2024-11-14T20:56:10 EST" skipped="0">
  <testcase classname="alluretestcase.Test_001" name="test001" time="5.513"/>
  <system-out/>
</testsuite> <!-- alluretestcase.Test_001 -->
