<?xml version="1.0" encoding="UTF-8"?>
<!-- Generated by org.testng.reporters.JUnitReportReporter -->
<testsuite hostname="Mayas-MacBook-Air.local" failures="0" tests="1" name="alluretestcase.Test_001" time="7.035" errors="0" timestamp="2024-11-13T23:02:45 EST" skipped="0">
  <testcase classname="alluretestcase.Test_001" name="test001" time="7.035"/>
  <system-out/>
</testsuite> <!-- alluretestcase.Test_001 -->
